#
# There is insufficient memory for the Java Runtime Environment to continue.
# Native memory allocation (malloc) failed to allocate 996176 bytes for Chunk::new
# Possible reasons:
#   The system is out of physical RAM or swap space
#   In 32 bit mode, the process size limit was hit
# Possible solutions:
#   Reduce memory load on the system
#   Increase physical memory or swap space
#   Check if swap backing store is full
#   Use 64 bit Java on a 64 bit OS
#   Decrease Java heap size (-Xmx/-Xms)
#   Decrease number of Java threads
#   Decrease Java thread stack sizes (-Xss)
#   Set larger code cache with -XX:ReservedCodeCacheSize=
# This output file may be truncated or incomplete.
#
#  Out of Memory Error (allocation.cpp:390), pid=6776, tid=0x0000000000003038
#
# JRE version: OpenJDK Runtime Environment (8.0_152-b06) (build 1.8.0_152-release-1136-b06)
# Java VM: OpenJDK 64-Bit Server VM (25.152-b06 mixed mode windows-amd64 compressed oops)
# Failed to write core dump. Minidumps are not enabled by default on client versions of Windows
#

---------------  T H R E A D  ---------------

Current thread (0x0000000016549800):  JavaThread "C2 CompilerThread0" daemon [_thread_in_native, id=12344, stack(0x0000000017ea0000,0x0000000017fa0000)]

Stack: [0x0000000017ea0000,0x0000000017fa0000]
[error occurred during error reporting (printing stack bounds), id 0xc0000005]

Native frames: (J=compiled Java code, j=interpreted, Vv=VM code, C=native code)


Current CompileTask:
C2:   3035 1368       4       java.net.URLClassLoader$1::run (5 bytes)


---------------  P R O C E S S  ---------------

Java Threads: ( => current thread )
  0x00000000193b2000 JavaThread "File lock request listener" [_thread_in_native, id=10992, stack(0x000000001ab10000,0x000000001ac10000)]
  0x000000001966b800 JavaThread "Cache worker for file hash cache (C:\Users\APPLE\.gradle\caches\4.4\fileHashes)" [_thread_blocked, id=4760, stack(0x000000001aa10000,0x000000001ab10000)]
  0x00000000194ca800 JavaThread "Stdin handler" [_thread_blocked, id=7152, stack(0x000000001a710000,0x000000001a810000)]
  0x00000000194bf800 JavaThread "Asynchronous log dispatcher for DefaultDaemonConnection: socket connection from /127.0.0.1:53396 to /127.0.0.1:53397" [_thread_blocked, id=856, stack(0x000000001a610000,0x000000001a710000)]
  0x00000000194be800 JavaThread "Daemon worker" [_thread_in_vm, id=4812, stack(0x000000001a510000,0x000000001a610000)]
  0x00000000194bb800 JavaThread "Cancel handler" [_thread_blocked, id=12460, stack(0x000000001a410000,0x000000001a510000)]
  0x0000000017b9a000 JavaThread "Handler for socket connection from /127.0.0.1:53396 to /127.0.0.1:53397" [_thread_in_native, id=13388, stack(0x000000001a110000,0x000000001a210000)]
  0x0000000017b99000 JavaThread "Daemon" [_thread_blocked, id=12648, stack(0x000000001a010000,0x000000001a110000)]
  0x00000000192b0000 JavaThread "Daemon periodic checks" [_thread_blocked, id=11352, stack(0x0000000019f10000,0x000000001a010000)]
  0x00000000192e5000 JavaThread "Incoming local TCP Connector on port 53396" [_thread_in_native, id=6216, stack(0x0000000019d70000,0x0000000019e70000)]
  0x0000000017918800 JavaThread "Service Thread" daemon [_thread_blocked, id=1588, stack(0x00000000181a0000,0x00000000182a0000)]
  0x00000000178ab800 JavaThread "C1 CompilerThread2" daemon [_thread_in_native, id=12704, stack(0x00000000180a0000,0x00000000181a0000)]
  0x000000001654c800 JavaThread "C2 CompilerThread1" daemon [_thread_in_native, id=5020, stack(0x0000000017fa0000,0x00000000180a0000)]
=>0x0000000016549800 JavaThread "C2 CompilerThread0" daemon [_thread_in_native, id=12344, stack(0x0000000017ea0000,0x0000000017fa0000)]
  0x00000000178a8800 JavaThread "Attach Listener" daemon [_thread_blocked, id=9700, stack(0x0000000017da0000,0x0000000017ea0000)]
  0x00000000164e8800 JavaThread "Signal Dispatcher" daemon [_thread_blocked, id=11572, stack(0x0000000017ca0000,0x0000000017da0000)]
  0x0000000002b7b000 JavaThread "Finalizer" daemon [_thread_blocked, id=3184, stack(0x0000000017740000,0x0000000017840000)]
  0x0000000002b70000 JavaThread "Reference Handler" daemon [_thread_blocked, id=5108, stack(0x0000000017640000,0x0000000017740000)]
  0x00000000005fe000 JavaThread "main" [_thread_blocked, id=12092, stack(0x0000000002980000,0x0000000002a80000)]

Other Threads:
  0x00000000164b5800 VMThread [stack: 0x0000000017540000,0x0000000017640000] [id=9852]
  0x0000000017929800 WatcherThread [stack: 0x00000000182a0000,0x00000000183a0000] [id=2008]

VM state:not at safepoint (normal execution)

VM Mutex/Monitor currently owned by a thread: None

Heap:
 PSYoungGen      total 38400K, used 9280K [0x00000000e0000000, 0x00000000e2a80000, 0x0000000100000000)
  eden space 33280K, 12% used [0x00000000e0000000,0x00000000e0412ec0,0x00000000e2080000)
  from space 5120K, 99% used [0x00000000e2080000,0x00000000e257d518,0x00000000e2580000)
  to   space 5120K, 0% used [0x00000000e2580000,0x00000000e2580000,0x00000000e2a80000)
 ParOldGen       total 87552K, used 2763K [0x00000000a0000000, 0x00000000a5580000, 0x00000000e0000000)
  object space 87552K, 3% used [0x00000000a0000000,0x00000000a02b2d80,0x00000000a5580000)
 Metaspace       used 14771K, capacity 15158K, committed 15360K, reserved 1062912K
  class space    used 2057K, capacity 2189K, committed 2304K, reserved 1048576K

Card table byte_map: [0x0000000011f40000,0x0000000012250000] byte_map_base: 0x0000000011a40000

Marking Bits: (ParMarkBitMap*) 0x0000000061b55aa0
 Begin Bits: [0x0000000012850000, 0x0000000014050000)
 End Bits:   [0x0000000014050000, 0x0000000015850000)

Polling page: 0x0000000000980000

CodeCache: size=245760Kb used=4988Kb max_used=4988Kb free=240771Kb
 bounds [0x0000000002b80000, 0x0000000003070000, 0x0000000011b80000]
 total_blobs=1792 nmethods=1420 adapters=285
 compilation: enabled

Compilation events (10 events):
Event: 3.028 Thread 0x00000000178ab800 1414       3       com.google.common.base.Splitter::<init> (26 bytes)
Event: 3.029 Thread 0x00000000178ab800 nmethod 1414 0x0000000003055290 code [0x00000000030553e0, 0x00000000030555d0]
Event: 3.029 Thread 0x00000000178ab800 1415       3       com.google.common.collect.CollectPreconditions::checkEntryNotNull (68 bytes)
Event: 3.029 Thread 0x00000000178ab800 nmethod 1415 0x0000000003055690 code [0x0000000003055960, 0x0000000003056e08]
Event: 3.029 Thread 0x00000000178ab800 1417       3       com.google.common.base.Splitter$SplittingIterator::computeNext (279 bytes)
Event: 3.031 Thread 0x00000000178ab800 nmethod 1417 0x0000000003057750 code [0x0000000003057a00, 0x0000000003058cc8]
Event: 3.031 Thread 0x00000000178ab800 1420       3       com.google.common.base.CharMatcher::showCharacter (70 bytes)
Event: 3.031 Thread 0x000000001654c800 1424 %     4       sun.nio.cs.UTF_8$Decoder::decodeArrayLoop @ 73 (691 bytes)
Event: 3.031 Thread 0x00000000178ab800 nmethod 1420 0x0000000003059310 code [0x00000000030594e0, 0x0000000003059dd8]
Event: 3.031 Thread 0x00000000178ab800 1421       3       java.util.AbstractCollection::toArray (147 bytes)

GC Heap History (6 events):
Event: 0.923 GC heap before
{Heap before GC invocations=1 (full 0):
 PSYoungGen      total 38400K, used 33280K [0x00000000e0000000, 0x00000000e2a80000, 0x0000000100000000)
  eden space 33280K, 100% used [0x00000000e0000000,0x00000000e2080000,0x00000000e2080000)
  from space 5120K, 0% used [0x00000000e2580000,0x00000000e2580000,0x00000000e2a80000)
  to   space 5120K, 0% used [0x00000000e2080000,0x00000000e2080000,0x00000000e2580000)
 ParOldGen       total 87552K, used 0K [0x00000000a0000000, 0x00000000a5580000, 0x00000000e0000000)
  object space 87552K, 0% used [0x00000000a0000000,0x00000000a0000000,0x00000000a5580000)
 Metaspace       used 6955K, capacity 7192K, committed 7424K, reserved 1056768K
  class space    used 843K, capacity 909K, committed 1024K, reserved 1048576K
Event: 0.931 GC heap after
Heap after GC invocations=1 (full 0):
 PSYoungGen      total 38400K, used 4440K [0x00000000e0000000, 0x00000000e2a80000, 0x0000000100000000)
  eden space 33280K, 0% used [0x00000000e0000000,0x00000000e0000000,0x00000000e2080000)
  from space 5120K, 86% used [0x00000000e2080000,0x00000000e24d6318,0x00000000e2580000)
  to   space 5120K, 0% used [0x00000000e2580000,0x00000000e2580000,0x00000000e2a80000)
 ParOldGen       total 87552K, used 8K [0x00000000a0000000, 0x00000000a5580000, 0x00000000e0000000)
  object space 87552K, 0% used [0x00000000a0000000,0x00000000a0002000,0x00000000a5580000)
 Metaspace       used 6955K, capacity 7192K, committed 7424K, reserved 1056768K
  class space    used 843K, capacity 909K, committed 1024K, reserved 1048576K
}
Event: 2.533 GC heap before
{Heap before GC invocations=2 (full 0):
 PSYoungGen      total 38400K, used 37720K [0x00000000e0000000, 0x00000000e2a80000, 0x0000000100000000)
  eden space 33280K, 100% used [0x00000000e0000000,0x00000000e2080000,0x00000000e2080000)
  from space 5120K, 86% used [0x00000000e2080000,0x00000000e24d6318,0x00000000e2580000)
  to   space 5120K, 0% used [0x00000000e2580000,0x00000000e2580000,0x00000000e2a80000)
 ParOldGen       total 87552K, used 8K [0x00000000a0000000, 0x00000000a5580000, 0x00000000e0000000)
  object space 87552K, 0% used [0x00000000a0000000,0x00000000a0002000,0x00000000a5580000)
 Metaspace       used 10993K, capacity 11316K, committed 11648K, reserved 1058816K
  class space    used 1444K, capacity 1554K, committed 1664K, reserved 1048576K
Event: 2.542 GC heap after
Heap after GC invocations=2 (full 0):
 PSYoungGen      total 38400K, used 5093K [0x00000000e0000000, 0x00000000e2a80000, 0x0000000100000000)
  eden space 33280K, 0% used [0x00000000e0000000,0x00000000e0000000,0x00000000e2080000)
  from space 5120K, 99% used [0x00000000e2580000,0x00000000e2a795b0,0x00000000e2a80000)
  to   space 5120K, 0% used [0x00000000e2080000,0x00000000e2080000,0x00000000e2580000)
 ParOldGen       total 87552K, used 578K [0x00000000a0000000, 0x00000000a5580000, 0x00000000e0000000)
  object space 87552K, 0% used [0x00000000a0000000,0x00000000a0090a10,0x00000000a5580000)
 Metaspace       used 10993K, capacity 11316K, committed 11648K, reserved 1058816K
  class space    used 1444K, capacity 1554K, committed 1664K, reserved 1048576K
}
Event: 2.983 GC heap before
{Heap before GC invocations=3 (full 0):
 PSYoungGen      total 38400K, used 38373K [0x00000000e0000000, 0x00000000e2a80000, 0x0000000100000000)
  eden space 33280K, 100% used [0x00000000e0000000,0x00000000e2080000,0x00000000e2080000)
  from space 5120K, 99% used [0x00000000e2580000,0x00000000e2a795b0,0x00000000e2a80000)
  to   space 5120K, 0% used [0x00000000e2080000,0x00000000e2080000,0x00000000e2580000)
 ParOldGen       total 87552K, used 578K [0x00000000a0000000, 0x00000000a5580000, 0x00000000e0000000)
  object space 87552K, 0% used [0x00000000a0000000,0x00000000a0090a10,0x00000000a5580000)
 Metaspace       used 14434K, capacity 14838K, committed 14976K, reserved 1062912K
  class space    used 2005K, capacity 2125K, committed 2176K, reserved 1048576K
Event: 2.992 GC heap after
Heap after GC invocations=3 (full 0):
 PSYoungGen      total 38400K, used 5109K [0x00000000e0000000, 0x00000000e2a80000, 0x0000000100000000)
  eden space 33280K, 0% used [0x00000000e0000000,0x00000000e0000000,0x00000000e2080000)
  from space 5120K, 99% used [0x00000000e2080000,0x00000000e257d518,0x00000000e2580000)
  to   space 5120K, 0% used [0x00000000e2580000,0x00000000e2580000,0x00000000e2a80000)
 ParOldGen       total 87552K, used 2763K [0x00000000a0000000, 0x00000000a5580000, 0x00000000e0000000)
  object space 87552K, 3% used [0x00000000a0000000,0x00000000a02b2d80,0x00000000a5580000)
 Metaspace       used 14434K, capacity 14838K, committed 14976K, reserved 1062912K
  class space    used 2005K, capacity 2125K, committed 2176K, reserved 1048576K
}

Deoptimization events (10 events):
Event: 1.217 Thread 0x00000000005fe000 Uncommon trap: reason=bimorphic action=maybe_recompile pc=0x0000000002dfacbc method=java.util.HashMap.putVal(ILjava/lang/Object;Ljava/lang/Object;ZZ)Ljava/lang/Object; @ 91
Event: 1.384 Thread 0x00000000005fe000 Uncommon trap: reason=bimorphic action=maybe_recompile pc=0x0000000002ec96d8 method=java.util.HashMap.putVal(ILjava/lang/Object;Ljava/lang/Object;ZZ)Ljava/lang/Object; @ 203
Event: 1.653 Thread 0x00000000005fe000 Uncommon trap: reason=unstable_if action=reinterpret pc=0x0000000002e4f418 method=java.io.WinNTFileSystem.normalize(Ljava/lang/String;)Ljava/lang/String; @ 128
Event: 1.653 Thread 0x00000000005fe000 Uncommon trap: reason=unstable_if action=reinterpret pc=0x0000000002eb6d08 method=java.io.WinNTFileSystem.normalize(Ljava/lang/String;II)Ljava/lang/String; @ 90
Event: 2.576 Thread 0x0000000017b9a000 Uncommon trap: reason=unstable_if action=reinterpret pc=0x0000000002f28a9c method=java.util.concurrent.ConcurrentHashMap.putVal(Ljava/lang/Object;Ljava/lang/Object;Z)Ljava/lang/Object; @ 206
Event: 2.681 Thread 0x00000000194be800 Uncommon trap: reason=bimorphic action=maybe_recompile pc=0x0000000002ec9058 method=java.util.HashMap.putVal(ILjava/lang/Object;Ljava/lang/Object;ZZ)Ljava/lang/Object; @ 253
Event: 2.681 Thread 0x00000000194be800 Uncommon trap: reason=bimorphic action=maybe_recompile pc=0x0000000002ec9058 method=java.util.HashMap.putVal(ILjava/lang/Object;Ljava/lang/Object;ZZ)Ljava/lang/Object; @ 253
Event: 2.695 Thread 0x00000000194be800 Uncommon trap: reason=class_check action=maybe_recompile pc=0x0000000002df6adc method=java.util.regex.Matcher.match(II)Z @ 86
Event: 2.935 Thread 0x00000000194be800 Uncommon trap: reason=class_check action=maybe_recompile pc=0x0000000002df6adc method=java.util.regex.Matcher.match(II)Z @ 86
Event: 3.005 Thread 0x00000000194be800 Uncommon trap: reason=unstable_if action=reinterpret pc=0x000000000300c5f4 method=java.lang.String.lastIndexOf([CII[CIII)I @ 66

Classes redefined (0 events):
No events

Internal exceptions (10 events):
Event: 2.592 Thread 0x0000000017b9a000 Exception <a 'java/lang/NoSuchMethodError': <clinit>> (0x00000000e01a5968) thrown at [D:\src\AOSP-openjdk-cygwin\jdk8u\hotspot\src\share\vm\prims\jni.cpp, line 1613]
Event: 2.595 Thread 0x0000000017b9a000 Exception <a 'java/lang/NoSuchMethodError': <clinit>> (0x00000000e01bd470) thrown at [D:\src\AOSP-openjdk-cygwin\jdk8u\hotspot\src\share\vm\prims\jni.cpp, line 1613]
Event: 2.595 Thread 0x0000000017b9a000 Exception <a 'java/lang/NoSuchMethodError': <clinit>> (0x00000000e01c5f38) thrown at [D:\src\AOSP-openjdk-cygwin\jdk8u\hotspot\src\share\vm\prims\jni.cpp, line 1613]
Event: 2.597 Thread 0x0000000017b9a000 Exception <a 'java/lang/NoSuchMethodError': <clinit>> (0x00000000e01d75e8) thrown at [D:\src\AOSP-openjdk-cygwin\jdk8u\hotspot\src\share\vm\prims\jni.cpp, line 1613]
Event: 2.613 Thread 0x0000000017b9a000 Exception <a 'java/lang/NoSuchMethodError': <clinit>> (0x00000000e023e8a8) thrown at [D:\src\AOSP-openjdk-cygwin\jdk8u\hotspot\src\share\vm\prims\jni.cpp, line 1613]
Event: 2.615 Thread 0x0000000017b9a000 Exception <a 'java/lang/NoSuchMethodError': <clinit>> (0x00000000e0262380) thrown at [D:\src\AOSP-openjdk-cygwin\jdk8u\hotspot\src\share\vm\prims\jni.cpp, line 1613]
Event: 2.620 Thread 0x0000000017b9a000 Exception <a 'java/lang/NoSuchMethodError': <clinit>> (0x00000000e027d2a0) thrown at [D:\src\AOSP-openjdk-cygwin\jdk8u\hotspot\src\share\vm\prims\jni.cpp, line 1613]
Event: 2.633 Thread 0x0000000017b9a000 Exception <a 'java/lang/NoSuchMethodError': <clinit>> (0x00000000e02a0f70) thrown at [D:\src\AOSP-openjdk-cygwin\jdk8u\hotspot\src\share\vm\prims\jni.cpp, line 1613]
Event: 2.670 Thread 0x00000000194be800 Exception <a 'java/lang/NoSuchMethodError': <clinit>> (0x00000000e0405580) thrown at [D:\src\AOSP-openjdk-cygwin\jdk8u\hotspot\src\share\vm\prims\jni.cpp, line 1613]
Event: 2.671 Thread 0x00000000194be800 Exception <a 'java/lang/NoSuchMethodError': <clinit>> (0x00000000e040d808) thrown at [D:\src\AOSP-openjdk-cygwin\jdk8u\hotspot\src\share\vm\prims\jni.cpp, line 1613]

Events (10 events):
Event: 3.021 loading class com/google/common/base/Splitter$SplittingIterator
Event: 3.021 loading class com/google/common/base/Splitter$SplittingIterator done
Event: 3.021 loading class com/google/common/base/AbstractIterator
Event: 3.021 loading class com/google/common/base/AbstractIterator done
Event: 3.022 loading class com/google/common/base/Splitter$1$1
Event: 3.022 loading class com/google/common/base/Splitter$1$1 done
Event: 3.022 loading class com/google/common/base/AbstractIterator$State
Event: 3.022 loading class com/google/common/base/AbstractIterator$State done
Event: 3.022 loading class com/google/common/base/AbstractIterator$1
Event: 3.022 loading class com/google/common/base/AbstractIterator$1 done


Dynamic libraries:
0x00007ff6fd1e0000 - 0x00007ff6fd211000 	D:\MyDownloads\android\jre\bin\java.exe
0x00007fff49f00000 - 0x00007fff4a0d1000 	C:\WINDOWS\SYSTEM32\ntdll.dll
0x00007fff495f0000 - 0x00007fff4969b000 	C:\WINDOWS\System32\KERNEL32.DLL
0x00007fff46f80000 - 0x00007fff4719d000 	C:\WINDOWS\System32\KERNELBASE.dll
0x00007fff47550000 - 0x00007fff475f2000 	C:\WINDOWS\System32\ADVAPI32.dll
0x00007fff496a0000 - 0x00007fff4973e000 	C:\WINDOWS\System32\msvcrt.dll
0x00007fff497a0000 - 0x00007fff497f9000 	C:\WINDOWS\System32\sechost.dll
0x00007fff491b0000 - 0x00007fff492d1000 	C:\WINDOWS\System32\RPCRT4.dll
0x00007fff48d30000 - 0x00007fff48e95000 	C:\WINDOWS\System32\USER32.dll
0x00007fff464a0000 - 0x00007fff464be000 	C:\WINDOWS\System32\win32u.dll
0x00007fff495b0000 - 0x00007fff495e4000 	C:\WINDOWS\System32\GDI32.dll
0x00007fff46d50000 - 0x00007fff46ed2000 	C:\WINDOWS\System32\gdi32full.dll
0x00007fff39310000 - 0x00007fff39589000 	C:\WINDOWS\WinSxS\amd64_microsoft.windows.common-controls_6595b64144ccf1df_6.0.14393.447_none_42191651c6827bb3\COMCTL32.dll
0x00007fff49800000 - 0x00007fff49ac8000 	C:\WINDOWS\System32\combase.dll
0x00007fff46c50000 - 0x00007fff46d45000 	C:\WINDOWS\System32\ucrtbase.dll
0x00007fff47370000 - 0x00007fff473da000 	C:\WINDOWS\System32\bcryptPrimitives.dll
0x00007fff492e0000 - 0x00007fff4930e000 	C:\WINDOWS\System32\IMM32.DLL
0x0000000060f40000 - 0x0000000061012000 	D:\MyDownloads\android\jre\jre\bin\msvcr100.dll
0x0000000061390000 - 0x0000000061bd1000 	D:\MyDownloads\android\jre\jre\bin\server\jvm.dll
0x00007fff47600000 - 0x00007fff47608000 	C:\WINDOWS\System32\PSAPI.DLL
0x00007fff364f0000 - 0x00007fff364fa000 	C:\WINDOWS\SYSTEM32\VERSION.dll
0x00007fff3fdb0000 - 0x00007fff3fdb9000 	C:\WINDOWS\SYSTEM32\WSOCK32.dll
0x00007fff446b0000 - 0x00007fff446d3000 	C:\WINDOWS\SYSTEM32\WINMM.dll
0x00007fff48ea0000 - 0x00007fff48f0a000 	C:\WINDOWS\System32\WS2_32.dll
0x0000000000950000 - 0x000000000097b000 	C:\WINDOWS\SYSTEM32\WINMMBASE.dll
0x00007fff473e0000 - 0x00007fff47422000 	C:\WINDOWS\System32\cfgmgr32.dll
0x00007fff3f6c0000 - 0x00007fff3f6cf000 	D:\MyDownloads\android\jre\jre\bin\verify.dll
0x00007fff3e8a0000 - 0x00007fff3e8c9000 	D:\MyDownloads\android\jre\jre\bin\java.dll
0x00007fff3d8e0000 - 0x00007fff3d8f6000 	D:\MyDownloads\android\jre\jre\bin\zip.dll
0x00007fff47610000 - 0x00007fff48b19000 	C:\WINDOWS\System32\SHELL32.dll
0x00007fff46570000 - 0x00007fff46c4a000 	C:\WINDOWS\System32\windows.storage.dll
0x00007fff463a0000 - 0x00007fff463ec000 	C:\WINDOWS\System32\powrprof.dll
0x00007fff48bd0000 - 0x00007fff48c22000 	C:\WINDOWS\System32\shlwapi.dll
0x00007fff46390000 - 0x00007fff4639f000 	C:\WINDOWS\System32\kernel.appcore.dll
0x00007fff464c0000 - 0x00007fff46569000 	C:\WINDOWS\System32\shcore.dll
0x00007fff46370000 - 0x00007fff46384000 	C:\WINDOWS\System32\profapi.dll
0x00007fff3d750000 - 0x00007fff3d76a000 	D:\MyDownloads\android\jre\jre\bin\net.dll
0x00007fff45b30000 - 0x00007fff45b8c000 	C:\WINDOWS\system32\mswsock.dll
0x00007fff3ce30000 - 0x00007fff3ce41000 	D:\MyDownloads\android\jre\jre\bin\nio.dll
0x00007fff21dd0000 - 0x00007fff21dee000 	C:\Users\APPLE\.gradle\native\25\windows-amd64\native-platform.dll
0x00007fff3d8d0000 - 0x00007fff3d8dd000 	D:\MyDownloads\android\jre\jre\bin\management.dll
0x00007fff45da0000 - 0x00007fff45db7000 	C:\WINDOWS\SYSTEM32\CRYPTSP.dll
0x00007fff45cb0000 - 0x00007fff45ce3000 	C:\WINDOWS\system32\rsaenh.dll
0x00007fff462a0000 - 0x00007fff462cb000 	C:\WINDOWS\SYSTEM32\bcrypt.dll
0x00007fff459b0000 - 0x00007fff459cf000 	C:\WINDOWS\SYSTEM32\USERENV.dll
0x00007fff45dc0000 - 0x00007fff45dcb000 	C:\WINDOWS\SYSTEM32\CRYPTBASE.dll
0x00007fff458c0000 - 0x00007fff458f8000 	C:\WINDOWS\SYSTEM32\IPHLPAPI.DLL
0x00007fff48bc0000 - 0x00007fff48bc8000 	C:\WINDOWS\System32\NSI.dll
0x00007fff3f4d0000 - 0x00007fff3f4e6000 	C:\WINDOWS\SYSTEM32\dhcpcsvc6.DLL
0x00007fff3f4b0000 - 0x00007fff3f4ca000 	C:\WINDOWS\SYSTEM32\dhcpcsvc.DLL

VM Arguments:
jvm_args: -Xmx1536m -Dfile.encoding=GBK -Duser.country=CN -Duser.language=zh -Duser.variant 
java_command: org.gradle.launcher.daemon.bootstrap.GradleDaemon 4.4
java_class_path (initial): C:\Users\APPLE\.gradle\wrapper\dists\gradle-4.4-all\9br9xq1tocpiv8o6njlyu5op1\gradle-4.4\lib\gradle-launcher-4.4.jar
Launcher Type: SUN_STANDARD

Environment Variables:
JAVA_HOME=C:\Program Files\Java\jdk1.8.0_141
CLASSPATH=.;C:\Program Files\Java\jdk1.8.0_141\lib
PATH=C:\ProgramData\Oracle\Java\javapath;C:\Program Files (x86)\Intel\iCLS Client\;C:\Program Files\Intel\iCLS Client\;C:\WINDOWS\system32;C:\WINDOWS;C:\WINDOWS\System32\Wbem;C:\WINDOWS\System32\WindowsPowerShell\v1.0\;C:\Program Files\Microsoft SQL Server\130\Tools\Binn\;C:\Program Files\Common Files\Autodesk Shared\;C:\Program Files (x86)\Windows Kits\10\Windows Performance Toolkit\;C:\Program Files (x86)\GtkSharp\2.12\bin;C:\Program Files (x86)\Autodesk\Backburner\;%JAVA_HOME%\bin;%JAVA_HOME%\jre\bin;D:\MyDownloads\Git\cmd;D:\MyDownloads\nodeJS\;D:\workspace\python\Scripts\;D:\workspace\python\;C:\Program Files\Java\jdk1.8.0_141\bin;C:\Program Files\Java\jdk1.8.0_141\jre\bin;C:\Program Files\Apache Software Foundation\Tomcat 8.0\bin;C:\Users\APPLE\AppData\Local\GitHubDesktop\bin;C:\Users\APPLE\AppData\Roaming\npm;D:\MyDownloads\Microsoft VS Code\bin;D:\MyDownloads\IntelliJ IDEA Community Edition 2018.3.1\bin;
USERNAME=APPLE
OS=Windows_NT
PROCESSOR_IDENTIFIER=Intel64 Family 6 Model 61 Stepping 4, GenuineIntel



---------------  S Y S T E M  ---------------

OS: Windows 10.0 , 64 bit Build 14393 (10.0.14393.0)

CPU:total 4 (initial active 4) (2 cores per cpu, 2 threads per core) family 6 model 61 stepping 4, cmov, cx8, fxsr, mmx, sse, sse2, sse3, ssse3, sse4.1, sse4.2, popcnt, avx, avx2, aes, clmul, erms, rtm, 3dnowpref, lzcnt, ht, tsc, tscinvbit, bmi1, bmi2, adx

Memory: 4k page, physical 8288680k(1640688k free), swap 9368132k(3672k free)

vm_info: OpenJDK 64-Bit Server VM (25.152-b06) for windows-amd64 JRE (1.8.0_152-release-1136-b06), built by "builder" with MS VC++ 10.0 (VS2010)

time: Thu Dec 20 19:20:00 2018
elapsed time: 3 seconds (0d 0h 0m 3s)

